{"level":"info","message":"Created data directory: /Users/celsosilvestre/Documents/machine-connector/backend/data","timestamp":"2026-03-30T14:45:01.783Z"}
{"level":"debug","message":"SQL: PRAGMA journal_mode = WAL","timestamp":"2026-03-30T14:45:01.804Z"}
{"level":"debug","message":"SQL: PRAGMA foreign_keys = ON","timestamp":"2026-03-30T14:45:01.805Z"}
{"level":"info","message":"Database initialized at /Users/celsosilvestre/Documents/machine-connector/backend/data/connector.db","timestamp":"2026-03-30T14:45:01.805Z"}
{"level":"info","message":"Machine Connector starting up...","timestamp":"2026-03-30T14:45:03.938Z"}
{"level":"info","message":"Environment: development","timestamp":"2026-03-30T14:45:03.938Z"}
{"level":"info","message":"Running database migrations...","timestamp":"2026-03-30T14:45:03.939Z"}
{"level":"debug","message":"SQL: CREATE TABLE IF NOT EXISTS settings (\n      key TEXT PRIMARY KEY,\n      value TEXT NOT NULL,\n      updated_at INTEGER NOT NULL DEFAULT (unixepoch())\n    );","timestamp":"2026-03-30T14:45:03.940Z"}
{"level":"debug","message":"SQL: CREATE TABLE IF NOT EXISTS equipments (\n      id TEXT PRIMARY KEY,\n      name TEXT NOT NULL,\n      description TEXT,\n      opcua_node_id TEXT NOT NULL,\n      iih_asset_id TEXT NOT NULL,\n      iih_variable_id TEXT NOT NULL,\n      enabled INTEGER NOT NULL DEFAULT 1,\n      created_at INTEGER NOT NULL DEFAULT (unixepoch()),\n      updated_at INTEGER NOT NULL DEFAULT (unixepoch())\n    );","timestamp":"2026-03-30T14:45:03.943Z"}
{"level":"debug","message":"SQL: CREATE TABLE IF NOT EXISTS event_queue (\n      id TEXT PRIMARY KEY,\n      type TEXT NOT NULL CHECK(type IN ('MACHINE_STATUS', 'COUNTER')),\n      equipment_id TEXT NOT NULL,\n      equipment_name TEXT NOT NULL,\n      payload TEXT NOT NULL,\n      status TEXT NOT NULL DEFAULT 'PENDING' CHECK(status IN ('PENDING', 'SENDING', 'SENT', 'FAILED')),\n      retry_count INTEGER NOT NULL DEFAULT 0,\n      next_retry_at INTEGER,\n      created_at INTEGER NOT NULL DEFAULT (unixepoch()),\n      sent_at INTEGER,\n      error_message TEXT\n    );","timestamp":"2026-03-30T14:45:03.943Z"}
{"level":"debug","message":"SQL: CREATE INDEX IF NOT EXISTS idx_event_queue_status ON event_queue(status);","timestamp":"2026-03-30T14:45:03.944Z"}
{"level":"debug","message":"SQL: CREATE INDEX IF NOT EXISTS idx_event_queue_created_at ON event_queue(created_at);","timestamp":"2026-03-30T14:45:03.944Z"}
{"level":"debug","message":"SQL: CREATE INDEX IF NOT EXISTS idx_event_queue_equipment_id ON event_queue(equipment_id);","timestamp":"2026-03-30T14:45:03.949Z"}
{"level":"info","message":"Database migrations completed","timestamp":"2026-03-30T14:45:03.950Z"}
{"level":"info","message":"WebSocket server initialized","timestamp":"2026-03-30T14:45:03.953Z"}
{"level":"info","message":"HTTP server listening on port 3000","timestamp":"2026-03-30T14:45:03.966Z"}
{"level":"info","message":"Starting event queue processing loop (interval: 10000ms)","timestamp":"2026-03-30T14:45:03.969Z"}
{"level":"debug","message":"SQL: \n      DELETE FROM event_queue WHERE status = 'SENT' AND sent_at < 1774795503.0\n    ","timestamp":"2026-03-30T14:45:03.969Z"}
{"level":"debug","message":"SQL: SELECT value FROM settings WHERE key = 'opcuaEndpointUrl'","timestamp":"2026-03-30T14:45:03.970Z"}
{"level":"debug","message":"SQL: SELECT value FROM settings WHERE key = 'opcuaAppName'","timestamp":"2026-03-30T14:45:03.970Z"}
{"level":"info","message":"OPC-UA status changed to: connecting","timestamp":"2026-03-30T14:45:03.970Z"}
{"level":"info","message":"OPC-UA connecting to: opc.tcp://localhost:4840","timestamp":"2026-03-30T14:45:03.970Z"}
{"level":"info","message":"Starting counter scheduler (every minute)","timestamp":"2026-03-30T14:45:03.975Z"}
{"level":"info","message":"Counter scheduler started","timestamp":"2026-03-30T14:45:03.980Z"}
{"level":"info","message":"Machine Connector started successfully","timestamp":"2026-03-30T14:45:03.980Z"}
{"level":"debug","message":"OPC-UA backoff retry=0 delay=1000ms","timestamp":"2026-03-30T14:45:04.122Z"}
{"level":"warn","message":"OPC-UA connection failed","timestamp":"2026-03-30T14:45:05.129Z"}
{"level":"info","message":"OPC-UA status changed to: error","timestamp":"2026-03-30T14:45:05.129Z"}
{"level":"info","message":"OPC-UA scheduling reconnect in 5000ms","timestamp":"2026-03-30T14:45:05.130Z"}
{"level":"error","message":"OPC-UA connection error: The connection cannot be established with server opc.tcp://localhost:4840 .\nPlease check that the server is up and running or your network configuration.\nErr = (connect ECONNREFUSED ::1:4840\nconnect ECONNREFUSED 127.0.0.1:4840)","timestamp":"2026-03-30T14:45:05.130Z"}
{"level":"debug","message":"SQL: SELECT value FROM settings WHERE key = 'opcuaEndpointUrl'","timestamp":"2026-03-30T14:45:10.131Z"}
{"level":"debug","message":"SQL: SELECT value FROM settings WHERE key = 'opcuaAppName'","timestamp":"2026-03-30T14:45:10.132Z"}
{"level":"info","message":"OPC-UA status changed to: connecting","timestamp":"2026-03-30T14:45:10.132Z"}
{"level":"info","message":"OPC-UA connecting to: opc.tcp://localhost:4840","timestamp":"2026-03-30T14:45:10.132Z"}
{"level":"debug","message":"OPC-UA backoff retry=0 delay=1000ms","timestamp":"2026-03-30T14:45:10.139Z"}
{"level":"warn","message":"OPC-UA connection failed","timestamp":"2026-03-30T14:45:11.144Z"}
{"level":"info","message":"OPC-UA status changed to: error","timestamp":"2026-03-30T14:45:11.144Z"}
{"level":"info","message":"OPC-UA scheduling reconnect in 10000ms","timestamp":"2026-03-30T14:45:11.144Z"}
{"level":"error","message":"OPC-UA connection error: The connection cannot be established with server opc.tcp://localhost:4840 .\nPlease check that the server is up and running or your network configuration.\nErr = (connect ECONNREFUSED ::1:4840\nconnect ECONNREFUSED 127.0.0.1:4840)","timestamp":"2026-03-30T14:45:11.145Z"}
{"level":"debug","message":"SQL: \n      SELECT * FROM event_queue\n      WHERE status = 'PENDING'\n        AND (next_retry_at IS NULL OR next_retry_at <= 1774881913.0)\n      ORDER BY created_at ASC\n      LIMIT 50\n    ","timestamp":"2026-03-30T14:45:13.973Z"}
{"level":"debug","message":"SQL: SELECT value FROM settings WHERE key = 'opcuaEndpointUrl'","timestamp":"2026-03-30T14:45:21.145Z"}
{"level":"debug","message":"SQL: SELECT value FROM settings WHERE key = 'opcuaAppName'","timestamp":"2026-03-30T14:45:21.146Z"}
{"level":"info","message":"OPC-UA status changed to: connecting","timestamp":"2026-03-30T14:45:21.146Z"}
{"level":"info","message":"OPC-UA connecting to: opc.tcp://localhost:4840","timestamp":"2026-03-30T14:45:21.147Z"}
{"level":"debug","message":"OPC-UA backoff retry=0 delay=1000ms","timestamp":"2026-03-30T14:45:21.158Z"}
{"level":"warn","message":"OPC-UA connection failed","timestamp":"2026-03-30T14:45:22.163Z"}
{"level":"info","message":"OPC-UA status changed to: error","timestamp":"2026-03-30T14:45:22.163Z"}
{"level":"info","message":"OPC-UA scheduling reconnect in 20000ms","timestamp":"2026-03-30T14:45:22.164Z"}
{"level":"error","message":"OPC-UA connection error: The connection cannot be established with server opc.tcp://localhost:4840 .\nPlease check that the server is up and running or your network configuration.\nErr = (connect ECONNREFUSED ::1:4840\nconnect ECONNREFUSED 127.0.0.1:4840)","timestamp":"2026-03-30T14:45:22.164Z"}
{"level":"debug","message":"SQL: \n      SELECT * FROM event_queue\n      WHERE status = 'PENDING'\n        AND (next_retry_at IS NULL OR next_retry_at <= 1774881923.0)\n      ORDER BY created_at ASC\n      LIMIT 50\n    ","timestamp":"2026-03-30T14:45:23.971Z"}
{"level":"info","message":"Received SIGINT, shutting down gracefully...","timestamp":"2026-03-30T14:45:32.958Z"}
